5
5
30
10 68458 1.54013e-05
-0.599711
-0.494372
 0.224248
-0.543576
-0.224012
9.9999 22 3.28731e-06
  -0.3076
-0.583501
-0.267856
 0.649281
 0.267574
5 12 2.83605e-06
 0.263269
-0.229613
-0.847864
-0.368777
-0.151975
2 21 8.43611e-07
-0.638164
 0.556586
-0.368774
-0.106086
 0.368388
1 1 2.38762e-16
-0.262991
 0.229372
-0.151975
 0.368388
-0.848185
10 29750 1.50131e-05
 0.280842
-0.497176
-0.704769
 0.218013
 0.360159
9.999 21 3.94464e-06
 0.482958
-0.665967
 0.488088
-0.150984
-0.249428
5 17 9.21167e-07
-0.712019
-0.477448
 0.302118
 0.215882
 0.356639
2 19 1.13346e-06
-0.220255
-0.147694
-0.215883
-0.933219
 0.110321
1 1 4.34443e-16
-0.363863
-0.243991
-0.356639
 0.110325
-0.817747
10 5786 1.80856e-05
-0.790549
  -0.4843
-0.239036
-0.203539
-0.204744
9.99 14 6.84018e-06
  0.48551
-0.122611
-0.552024
 -0.47005
-0.472832
5 16 1.08918e-06
 0.238036
-0.552456
  0.72834
-0.231319
-0.232688
2 19 9.06e-07
-0.202689
 0.470418
  0.23132
 -0.80303
 0.198134
1 1 1.71097e-16
-0.203888
   0.4732
 0.232688
 0.198136
-0.800693
10 894 9.82236e-06
  -0.46622
-0.0021222
  -0.54903
 -0.596143
  0.354703
9.9 17 3.46551e-06
 0.00207062
  -0.999997
0.000811795
0.000882223
-0.00052492
5 14 1.7053e-06
   0.549031
0.000759285
  -0.794414
   0.223227
   -0.13282
2 24 5.64508e-07
   0.596142
0.000822917
   0.223229
  -0.757618
  -0.144217
1 1 2.25487e-16
   -0.354704
-0.000489635
    -0.13282
   -0.144216
   -0.914191
10 95 1.38705e-05
-0.839906
-0.330196
-0.144148
 0.306735
-0.265824
9 23 5.1653e-06
-0.330179
-0.318996
 0.297306
-0.632644
 0.548265
5 15 2.60419e-06
-0.144151
 0.297305
-0.870206
-0.276191
 0.239353
2 17 1.36732e-06
 0.306744
-0.632639
 -0.27619
-0.412287
-0.509328
1 1 1.11022e-16
-0.265833
 0.548262
 0.239356
-0.509326
-0.558603
